CRITICAL - 2023-04-25 10:57:14 --> Undefined variable $session
in APPPATH/Controllers/Career.php on line 8.
 1 APPPATH/Controllers/Career.php(8): CodeIgniter\Debug\Exceptions->errorHandler()
 2 SYSTEMPATH/CodeIgniter.php(934): App\Controllers\Career->index()
 3 SYSTEMPATH/CodeIgniter.php(499): CodeIgniter\CodeIgniter->runController()
 4 SYSTEMPATH/CodeIgniter.php(368): CodeIgniter\CodeIgniter->handleRequest()
 5 FCPATH/index.php(67): CodeIgniter\CodeIgniter->run()
CRITICAL - 2023-04-25 11:03:03 --> Cannot use object of type CodeIgniter\Session\Session as array
in APPPATH/Controllers/Career.php on line 9.
 1 SYSTEMPATH/CodeIgniter.php(934): App\Controllers\Career->index()
 2 SYSTEMPATH/CodeIgniter.php(499): CodeIgniter\CodeIgniter->runController()
 3 SYSTEMPATH/CodeIgniter.php(368): CodeIgniter\CodeIgniter->handleRequest()
 4 FCPATH/index.php(67): CodeIgniter\CodeIgniter->run()
CRITICAL - 2023-04-25 11:05:08 --> Object of type CodeIgniter\Session\Session is not callable
in APPPATH/Controllers/Career.php on line 9.
 1 SYSTEMPATH/CodeIgniter.php(934): App\Controllers\Career->index()
 2 SYSTEMPATH/CodeIgniter.php(499): CodeIgniter\CodeIgniter->runController()
 3 SYSTEMPATH/CodeIgniter.php(368): CodeIgniter\CodeIgniter->handleRequest()
 4 FCPATH/index.php(67): CodeIgniter\CodeIgniter->run()
CRITICAL - 2023-04-25 11:05:26 --> Cannot use object of type CodeIgniter\Session\Session as array
in APPPATH/Controllers/Career.php on line 9.
 1 SYSTEMPATH/CodeIgniter.php(934): App\Controllers\Career->index()
 2 SYSTEMPATH/CodeIgniter.php(499): CodeIgniter\CodeIgniter->runController()
 3 SYSTEMPATH/CodeIgniter.php(368): CodeIgniter\CodeIgniter->handleRequest()
 4 FCPATH/index.php(67): CodeIgniter\CodeIgniter->run()
CRITICAL - 2023-04-25 11:39:24 --> Class "App\Controller\BaseController" not found
in APPPATH/Controllers/Offer.php on line 5.
 1 SYSTEMPATH/Autoloader/Autoloader.php(312): include_once()
 2 SYSTEMPATH/Autoloader/Autoloader.php(289): CodeIgniter\Autoloader\Autoloader->includeFile()
 3 SYSTEMPATH/Autoloader/Autoloader.php(267): CodeIgniter\Autoloader\Autoloader->loadInNamespace()
 4 [internal function]: CodeIgniter\Autoloader\Autoloader->loadClass()
 5 SYSTEMPATH/CodeIgniter.php(892): class_exists()
 6 SYSTEMPATH/CodeIgniter.php(486): CodeIgniter\CodeIgniter->startController()
 7 SYSTEMPATH/CodeIgniter.php(368): CodeIgniter\CodeIgniter->handleRequest()
 8 FCPATH/index.php(67): CodeIgniter\CodeIgniter->run()
CRITICAL - 2023-04-25 11:39:47 --> Class "App\Controllers\OfferModel" not found
in APPPATH/Controllers/Offer.php on line 27.
 1 SYSTEMPATH/CodeIgniter.php(934): App\Controllers\Offer->add_offer()
 2 SYSTEMPATH/CodeIgniter.php(499): CodeIgniter\CodeIgniter->runController()
 3 SYSTEMPATH/CodeIgniter.php(368): CodeIgniter\CodeIgniter->handleRequest()
 4 FCPATH/index.php(67): CodeIgniter\CodeIgniter->run()
ERROR - 2023-04-25 11:40:09 --> mysqli_sql_exception: Unknown column 'user_id' in 'field list' in /var/www/htdocs/alumni/system/Database/MySQLi/Connection.php:295
Stack trace:
#0 /var/www/htdocs/alumni/system/Database/MySQLi/Connection.php(295): mysqli->query()
#1 /var/www/htdocs/alumni/system/Database/BaseConnection.php(691): CodeIgniter\Database\MySQLi\Connection->execute()
#2 /var/www/htdocs/alumni/system/Database/BaseConnection.php(605): CodeIgniter\Database\BaseConnection->simpleQuery()
#3 /var/www/htdocs/alumni/system/Database/BaseBuilder.php(2309): CodeIgniter\Database\BaseConnection->query()
#4 /var/www/htdocs/alumni/system/Model.php(330): CodeIgniter\Database\BaseBuilder->insert()
#5 /var/www/htdocs/alumni/system/BaseModel.php(782): CodeIgniter\Model->doInsert()
#6 /var/www/htdocs/alumni/system/Model.php(730): CodeIgniter\BaseModel->insert()
#7 /var/www/htdocs/alumni/app/Models/OfferModel.php(35): CodeIgniter\Model->insert()
#8 /var/www/htdocs/alumni/app/Controllers/Offer.php(39): App\Models\OfferModel->addOffer()
#9 /var/www/htdocs/alumni/system/CodeIgniter.php(934): App\Controllers\Offer->add_offer()
#10 /var/www/htdocs/alumni/system/CodeIgniter.php(499): CodeIgniter\CodeIgniter->runController()
#11 /var/www/htdocs/alumni/system/CodeIgniter.php(368): CodeIgniter\CodeIgniter->handleRequest()
#12 /var/www/htdocs/alumni/public/index.php(67): CodeIgniter\CodeIgniter->run()
#13 {main}
CRITICAL - 2023-04-25 11:40:09 --> Unknown column 'user_id' in 'field list'
in SYSTEMPATH/Database/BaseConnection.php on line 645.
 1 SYSTEMPATH/Database/BaseBuilder.php(2309): CodeIgniter\Database\BaseConnection->query()
 2 SYSTEMPATH/Model.php(330): CodeIgniter\Database\BaseBuilder->insert()
 3 SYSTEMPATH/BaseModel.php(782): CodeIgniter\Model->doInsert()
 4 SYSTEMPATH/Model.php(730): CodeIgniter\BaseModel->insert()
 5 APPPATH/Models/OfferModel.php(35): CodeIgniter\Model->insert()
 6 APPPATH/Controllers/Offer.php(39): App\Models\OfferModel->addOffer()
 7 SYSTEMPATH/CodeIgniter.php(934): App\Controllers\Offer->add_offer()
 8 SYSTEMPATH/CodeIgniter.php(499): CodeIgniter\CodeIgniter->runController()
 9 SYSTEMPATH/CodeIgniter.php(368): CodeIgniter\CodeIgniter->handleRequest()
10 FCPATH/index.php(67): CodeIgniter\CodeIgniter->run()
ERROR - 2023-04-25 11:41:58 --> mysqli_sql_exception: Unknown column 'user_id' in 'field list' in /var/www/htdocs/alumni/system/Database/MySQLi/Connection.php:295
Stack trace:
#0 /var/www/htdocs/alumni/system/Database/MySQLi/Connection.php(295): mysqli->query()
#1 /var/www/htdocs/alumni/system/Database/BaseConnection.php(691): CodeIgniter\Database\MySQLi\Connection->execute()
#2 /var/www/htdocs/alumni/system/Database/BaseConnection.php(605): CodeIgniter\Database\BaseConnection->simpleQuery()
#3 /var/www/htdocs/alumni/system/Database/BaseBuilder.php(2309): CodeIgniter\Database\BaseConnection->query()
#4 /var/www/htdocs/alumni/system/Model.php(330): CodeIgniter\Database\BaseBuilder->insert()
#5 /var/www/htdocs/alumni/system/BaseModel.php(782): CodeIgniter\Model->doInsert()
#6 /var/www/htdocs/alumni/system/Model.php(730): CodeIgniter\BaseModel->insert()
#7 /var/www/htdocs/alumni/app/Models/OfferModel.php(35): CodeIgniter\Model->insert()
#8 /var/www/htdocs/alumni/app/Controllers/Offer.php(39): App\Models\OfferModel->addOffer()
#9 /var/www/htdocs/alumni/system/CodeIgniter.php(934): App\Controllers\Offer->add_offer()
#10 /var/www/htdocs/alumni/system/CodeIgniter.php(499): CodeIgniter\CodeIgniter->runController()
#11 /var/www/htdocs/alumni/system/CodeIgniter.php(368): CodeIgniter\CodeIgniter->handleRequest()
#12 /var/www/htdocs/alumni/public/index.php(67): CodeIgniter\CodeIgniter->run()
#13 {main}
CRITICAL - 2023-04-25 11:41:58 --> Unknown column 'user_id' in 'field list'
in SYSTEMPATH/Database/BaseConnection.php on line 645.
 1 SYSTEMPATH/Database/BaseBuilder.php(2309): CodeIgniter\Database\BaseConnection->query()
 2 SYSTEMPATH/Model.php(330): CodeIgniter\Database\BaseBuilder->insert()
 3 SYSTEMPATH/BaseModel.php(782): CodeIgniter\Model->doInsert()
 4 SYSTEMPATH/Model.php(730): CodeIgniter\BaseModel->insert()
 5 APPPATH/Models/OfferModel.php(35): CodeIgniter\Model->insert()
 6 APPPATH/Controllers/Offer.php(39): App\Models\OfferModel->addOffer()
 7 SYSTEMPATH/CodeIgniter.php(934): App\Controllers\Offer->add_offer()
 8 SYSTEMPATH/CodeIgniter.php(499): CodeIgniter\CodeIgniter->runController()
 9 SYSTEMPATH/CodeIgniter.php(368): CodeIgniter\CodeIgniter->handleRequest()
10 FCPATH/index.php(67): CodeIgniter\CodeIgniter->run()
ERROR - 2023-04-25 11:42:02 --> mysqli_sql_exception: Unknown column 'user_id' in 'field list' in /var/www/htdocs/alumni/system/Database/MySQLi/Connection.php:295
Stack trace:
#0 /var/www/htdocs/alumni/system/Database/MySQLi/Connection.php(295): mysqli->query()
#1 /var/www/htdocs/alumni/system/Database/BaseConnection.php(691): CodeIgniter\Database\MySQLi\Connection->execute()
#2 /var/www/htdocs/alumni/system/Database/BaseConnection.php(605): CodeIgniter\Database\BaseConnection->simpleQuery()
#3 /var/www/htdocs/alumni/system/Database/BaseBuilder.php(2309): CodeIgniter\Database\BaseConnection->query()
#4 /var/www/htdocs/alumni/system/Model.php(330): CodeIgniter\Database\BaseBuilder->insert()
#5 /var/www/htdocs/alumni/system/BaseModel.php(782): CodeIgniter\Model->doInsert()
#6 /var/www/htdocs/alumni/system/Model.php(730): CodeIgniter\BaseModel->insert()
#7 /var/www/htdocs/alumni/app/Models/OfferModel.php(35): CodeIgniter\Model->insert()
#8 /var/www/htdocs/alumni/app/Controllers/Offer.php(39): App\Models\OfferModel->addOffer()
#9 /var/www/htdocs/alumni/system/CodeIgniter.php(934): App\Controllers\Offer->add_offer()
#10 /var/www/htdocs/alumni/system/CodeIgniter.php(499): CodeIgniter\CodeIgniter->runController()
#11 /var/www/htdocs/alumni/system/CodeIgniter.php(368): CodeIgniter\CodeIgniter->handleRequest()
#12 /var/www/htdocs/alumni/public/index.php(67): CodeIgniter\CodeIgniter->run()
#13 {main}
CRITICAL - 2023-04-25 11:42:02 --> Unknown column 'user_id' in 'field list'
in SYSTEMPATH/Database/BaseConnection.php on line 645.
 1 SYSTEMPATH/Database/BaseBuilder.php(2309): CodeIgniter\Database\BaseConnection->query()
 2 SYSTEMPATH/Model.php(330): CodeIgniter\Database\BaseBuilder->insert()
 3 SYSTEMPATH/BaseModel.php(782): CodeIgniter\Model->doInsert()
 4 SYSTEMPATH/Model.php(730): CodeIgniter\BaseModel->insert()
 5 APPPATH/Models/OfferModel.php(35): CodeIgniter\Model->insert()
 6 APPPATH/Controllers/Offer.php(39): App\Models\OfferModel->addOffer()
 7 SYSTEMPATH/CodeIgniter.php(934): App\Controllers\Offer->add_offer()
 8 SYSTEMPATH/CodeIgniter.php(499): CodeIgniter\CodeIgniter->runController()
 9 SYSTEMPATH/CodeIgniter.php(368): CodeIgniter\CodeIgniter->handleRequest()
10 FCPATH/index.php(67): CodeIgniter\CodeIgniter->run()
ERROR - 2023-04-25 11:42:45 --> mysqli_sql_exception: Unknown column 'updated_at' in 'field list' in /var/www/htdocs/alumni/system/Database/MySQLi/Connection.php:295
Stack trace:
#0 /var/www/htdocs/alumni/system/Database/MySQLi/Connection.php(295): mysqli->query()
#1 /var/www/htdocs/alumni/system/Database/BaseConnection.php(691): CodeIgniter\Database\MySQLi\Connection->execute()
#2 /var/www/htdocs/alumni/system/Database/BaseConnection.php(605): CodeIgniter\Database\BaseConnection->simpleQuery()
#3 /var/www/htdocs/alumni/system/Database/BaseBuilder.php(2309): CodeIgniter\Database\BaseConnection->query()
#4 /var/www/htdocs/alumni/system/Model.php(330): CodeIgniter\Database\BaseBuilder->insert()
#5 /var/www/htdocs/alumni/system/BaseModel.php(782): CodeIgniter\Model->doInsert()
#6 /var/www/htdocs/alumni/system/Model.php(730): CodeIgniter\BaseModel->insert()
#7 /var/www/htdocs/alumni/app/Models/OfferModel.php(35): CodeIgniter\Model->insert()
#8 /var/www/htdocs/alumni/app/Controllers/Offer.php(39): App\Models\OfferModel->addOffer()
#9 /var/www/htdocs/alumni/system/CodeIgniter.php(934): App\Controllers\Offer->add_offer()
#10 /var/www/htdocs/alumni/system/CodeIgniter.php(499): CodeIgniter\CodeIgniter->runController()
#11 /var/www/htdocs/alumni/system/CodeIgniter.php(368): CodeIgniter\CodeIgniter->handleRequest()
#12 /var/www/htdocs/alumni/public/index.php(67): CodeIgniter\CodeIgniter->run()
#13 {main}
CRITICAL - 2023-04-25 11:42:45 --> Unknown column 'updated_at' in 'field list'
in SYSTEMPATH/Database/BaseConnection.php on line 645.
 1 SYSTEMPATH/Database/BaseBuilder.php(2309): CodeIgniter\Database\BaseConnection->query()
 2 SYSTEMPATH/Model.php(330): CodeIgniter\Database\BaseBuilder->insert()
 3 SYSTEMPATH/BaseModel.php(782): CodeIgniter\Model->doInsert()
 4 SYSTEMPATH/Model.php(730): CodeIgniter\BaseModel->insert()
 5 APPPATH/Models/OfferModel.php(35): CodeIgniter\Model->insert()
 6 APPPATH/Controllers/Offer.php(39): App\Models\OfferModel->addOffer()
 7 SYSTEMPATH/CodeIgniter.php(934): App\Controllers\Offer->add_offer()
 8 SYSTEMPATH/CodeIgniter.php(499): CodeIgniter\CodeIgniter->runController()
 9 SYSTEMPATH/CodeIgniter.php(368): CodeIgniter\CodeIgniter->handleRequest()
10 FCPATH/index.php(67): CodeIgniter\CodeIgniter->run()
ERROR - 2023-04-25 11:43:08 --> mysqli_sql_exception: Column 'company' cannot be null in /var/www/htdocs/alumni/system/Database/MySQLi/Connection.php:295
Stack trace:
#0 /var/www/htdocs/alumni/system/Database/MySQLi/Connection.php(295): mysqli->query()
#1 /var/www/htdocs/alumni/system/Database/BaseConnection.php(691): CodeIgniter\Database\MySQLi\Connection->execute()
#2 /var/www/htdocs/alumni/system/Database/BaseConnection.php(605): CodeIgniter\Database\BaseConnection->simpleQuery()
#3 /var/www/htdocs/alumni/system/Database/BaseBuilder.php(2309): CodeIgniter\Database\BaseConnection->query()
#4 /var/www/htdocs/alumni/system/Model.php(330): CodeIgniter\Database\BaseBuilder->insert()
#5 /var/www/htdocs/alumni/system/BaseModel.php(782): CodeIgniter\Model->doInsert()
#6 /var/www/htdocs/alumni/system/Model.php(730): CodeIgniter\BaseModel->insert()
#7 /var/www/htdocs/alumni/app/Models/OfferModel.php(35): CodeIgniter\Model->insert()
#8 /var/www/htdocs/alumni/app/Controllers/Offer.php(39): App\Models\OfferModel->addOffer()
#9 /var/www/htdocs/alumni/system/CodeIgniter.php(934): App\Controllers\Offer->add_offer()
#10 /var/www/htdocs/alumni/system/CodeIgniter.php(499): CodeIgniter\CodeIgniter->runController()
#11 /var/www/htdocs/alumni/system/CodeIgniter.php(368): CodeIgniter\CodeIgniter->handleRequest()
#12 /var/www/htdocs/alumni/public/index.php(67): CodeIgniter\CodeIgniter->run()
#13 {main}
CRITICAL - 2023-04-25 11:43:08 --> Column 'company' cannot be null
in SYSTEMPATH/Database/BaseConnection.php on line 645.
 1 SYSTEMPATH/Database/BaseBuilder.php(2309): CodeIgniter\Database\BaseConnection->query()
 2 SYSTEMPATH/Model.php(330): CodeIgniter\Database\BaseBuilder->insert()
 3 SYSTEMPATH/BaseModel.php(782): CodeIgniter\Model->doInsert()
 4 SYSTEMPATH/Model.php(730): CodeIgniter\BaseModel->insert()
 5 APPPATH/Models/OfferModel.php(35): CodeIgniter\Model->insert()
 6 APPPATH/Controllers/Offer.php(39): App\Models\OfferModel->addOffer()
 7 SYSTEMPATH/CodeIgniter.php(934): App\Controllers\Offer->add_offer()
 8 SYSTEMPATH/CodeIgniter.php(499): CodeIgniter\CodeIgniter->runController()
 9 SYSTEMPATH/CodeIgniter.php(368): CodeIgniter\CodeIgniter->handleRequest()
10 FCPATH/index.php(67): CodeIgniter\CodeIgniter->run()
CRITICAL - 2023-04-25 12:38:08 --> Call to undefined method App\Models\UserModel::getUserOffer
in SYSTEMPATH/Model.php on line 842.
 1 APPPATH/Controllers/Career.php(19): CodeIgniter\Model->__call()
 2 SYSTEMPATH/CodeIgniter.php(934): App\Controllers\Career->index()
 3 SYSTEMPATH/CodeIgniter.php(499): CodeIgniter\CodeIgniter->runController()
 4 SYSTEMPATH/CodeIgniter.php(368): CodeIgniter\CodeIgniter->handleRequest()
 5 FCPATH/index.php(67): CodeIgniter\CodeIgniter->run()
CRITICAL - 2023-04-25 12:38:37 --> Call to undefined method App\Models\OfferModel::getUserOffer
in SYSTEMPATH/Model.php on line 842.
 1 APPPATH/Controllers/Career.php(19): CodeIgniter\Model->__call()
 2 SYSTEMPATH/CodeIgniter.php(934): App\Controllers\Career->index()
 3 SYSTEMPATH/CodeIgniter.php(499): CodeIgniter\CodeIgniter->runController()
 4 SYSTEMPATH/CodeIgniter.php(368): CodeIgniter\CodeIgniter->handleRequest()
 5 FCPATH/index.php(67): CodeIgniter\CodeIgniter->run()
CRITICAL - 2023-04-25 12:38:50 --> Array to string conversion
in APPPATH/Controllers/Career.php on line 22.
 1 APPPATH/Controllers/Career.php(22): CodeIgniter\Debug\Exceptions->errorHandler()
 2 SYSTEMPATH/CodeIgniter.php(934): App\Controllers\Career->index()
 3 SYSTEMPATH/CodeIgniter.php(499): CodeIgniter\CodeIgniter->runController()
 4 SYSTEMPATH/CodeIgniter.php(368): CodeIgniter\CodeIgniter->handleRequest()
 5 FCPATH/index.php(67): CodeIgniter\CodeIgniter->run()
CRITICAL - 2023-04-25 12:39:12 --> Array to string conversion
in APPPATH/Controllers/Career.php on line 22.
 1 APPPATH/Controllers/Career.php(22): CodeIgniter\Debug\Exceptions->errorHandler()
 2 SYSTEMPATH/CodeIgniter.php(934): App\Controllers\Career->index()
 3 SYSTEMPATH/CodeIgniter.php(499): CodeIgniter\CodeIgniter->runController()
 4 SYSTEMPATH/CodeIgniter.php(368): CodeIgniter\CodeIgniter->handleRequest()
 5 FCPATH/index.php(67): CodeIgniter\CodeIgniter->run()
CRITICAL - 2023-04-25 13:20:47 --> Undefined variable $session
in APPPATH/Views/template/navbar.php on line 61.
 1 APPPATH/Views/template/navbar.php(61): CodeIgniter\Debug\Exceptions->errorHandler()
 2 SYSTEMPATH/View/View.php(213): include('APPPATH/Views/template/navbar.php')
 3 SYSTEMPATH/View/View.php(216): CodeIgniter\View\View->CodeIgniter\View\{closure}()
 4 SYSTEMPATH/Common.php(1184): CodeIgniter\View\View->render()
 5 APPPATH/Controllers/Career.php(19): view()
 6 SYSTEMPATH/CodeIgniter.php(934): App\Controllers\Career->index()
 7 SYSTEMPATH/CodeIgniter.php(499): CodeIgniter\CodeIgniter->runController()
 8 SYSTEMPATH/CodeIgniter.php(368): CodeIgniter\CodeIgniter->handleRequest()
 9 FCPATH/index.php(67): CodeIgniter\CodeIgniter->run()
