CRITICAL - 2023-04-26 01:51:09 --> Call to a member function move() on null
in APPPATH/Controllers/Offer.php on line 28.
 1 SYSTEMPATH/CodeIgniter.php(934): App\Controllers\Offer->add_offer()
 2 SYSTEMPATH/CodeIgniter.php(499): CodeIgniter\CodeIgniter->runController()
 3 SYSTEMPATH/CodeIgniter.php(368): CodeIgniter\CodeIgniter->handleRequest()
 4 FCPATH/index.php(67): CodeIgniter\CodeIgniter->run()
CRITICAL - 2023-04-26 01:56:10 --> Call to a member function move() on null
in APPPATH/Controllers/Offer.php on line 28.
 1 SYSTEMPATH/CodeIgniter.php(934): App\Controllers\Offer->add_offer()
 2 SYSTEMPATH/CodeIgniter.php(499): CodeIgniter\CodeIgniter->runController()
 3 SYSTEMPATH/CodeIgniter.php(368): CodeIgniter\CodeIgniter->handleRequest()
 4 FCPATH/index.php(67): CodeIgniter\CodeIgniter->run()
CRITICAL - 2023-04-26 01:56:53 --> Call to a member function move() on null
in APPPATH/Controllers/Offer.php on line 28.
 1 SYSTEMPATH/CodeIgniter.php(934): App\Controllers\Offer->add_offer()
 2 SYSTEMPATH/CodeIgniter.php(499): CodeIgniter\CodeIgniter->runController()
 3 SYSTEMPATH/CodeIgniter.php(368): CodeIgniter\CodeIgniter->handleRequest()
 4 FCPATH/index.php(67): CodeIgniter\CodeIgniter->run()
CRITICAL - 2023-04-26 02:00:50 --> Call to a member function move() on null
in APPPATH/Controllers/Offer.php on line 28.
 1 SYSTEMPATH/CodeIgniter.php(934): App\Controllers\Offer->add_offer()
 2 SYSTEMPATH/CodeIgniter.php(499): CodeIgniter\CodeIgniter->runController()
 3 SYSTEMPATH/CodeIgniter.php(368): CodeIgniter\CodeIgniter->handleRequest()
 4 FCPATH/index.php(67): CodeIgniter\CodeIgniter->run()
CRITICAL - 2023-04-26 02:03:46 --> Call to undefined method CodeIgniter\HTTP\IncomingRequest::hasFile()
in APPPATH/Controllers/Offer.php on line 28.
 1 SYSTEMPATH/CodeIgniter.php(934): App\Controllers\Offer->add_offer()
 2 SYSTEMPATH/CodeIgniter.php(499): CodeIgniter\CodeIgniter->runController()
 3 SYSTEMPATH/CodeIgniter.php(368): CodeIgniter\CodeIgniter->handleRequest()
 4 FCPATH/index.php(67): CodeIgniter\CodeIgniter->run()
CRITICAL - 2023-04-26 02:04:12 --> Call to undefined method CodeIgniter\HTTP\IncomingRequest::hasFile()
in APPPATH/Controllers/Offer.php on line 28.
 1 SYSTEMPATH/CodeIgniter.php(934): App\Controllers\Offer->add_offer()
 2 SYSTEMPATH/CodeIgniter.php(499): CodeIgniter\CodeIgniter->runController()
 3 SYSTEMPATH/CodeIgniter.php(368): CodeIgniter\CodeIgniter->handleRequest()
 4 FCPATH/index.php(67): CodeIgniter\CodeIgniter->run()
CRITICAL - 2023-04-26 02:04:51 --> Call to undefined method CodeIgniter\HTTP\IncomingRequest::has()
in APPPATH/Controllers/Offer.php on line 28.
 1 SYSTEMPATH/CodeIgniter.php(934): App\Controllers\Offer->add_offer()
 2 SYSTEMPATH/CodeIgniter.php(499): CodeIgniter\CodeIgniter->runController()
 3 SYSTEMPATH/CodeIgniter.php(368): CodeIgniter\CodeIgniter->handleRequest()
 4 FCPATH/index.php(67): CodeIgniter\CodeIgniter->run()
CRITICAL - 2023-04-26 10:53:10 --> Undefined property: App\Controllers\Register::$session
in APPPATH/Controllers/Register.php on line 42.
 1 APPPATH/Controllers/Register.php(42): CodeIgniter\Debug\Exceptions->errorHandler()
 2 SYSTEMPATH/CodeIgniter.php(934): App\Controllers\Register->save()
 3 SYSTEMPATH/CodeIgniter.php(499): CodeIgniter\CodeIgniter->runController()
 4 SYSTEMPATH/CodeIgniter.php(368): CodeIgniter\CodeIgniter->handleRequest()
 5 FCPATH/index.php(67): CodeIgniter\CodeIgniter->run()
CRITICAL - 2023-04-26 10:56:44 --> Undefined variable $session
in APPPATH/Controllers/Register.php on line 42.
 1 APPPATH/Controllers/Register.php(42): CodeIgniter\Debug\Exceptions->errorHandler()
 2 SYSTEMPATH/CodeIgniter.php(934): App\Controllers\Register->save()
 3 SYSTEMPATH/CodeIgniter.php(499): CodeIgniter\CodeIgniter->runController()
 4 SYSTEMPATH/CodeIgniter.php(368): CodeIgniter\CodeIgniter->handleRequest()
 5 FCPATH/index.php(67): CodeIgniter\CodeIgniter->run()
CRITICAL - 2023-04-26 10:59:00 --> Object of class CodeIgniter\Session\Session could not be converted to string
in APPPATH/Controllers/Register.php on line 43.
 1 SYSTEMPATH/CodeIgniter.php(934): App\Controllers\Register->save()
 2 SYSTEMPATH/CodeIgniter.php(499): CodeIgniter\CodeIgniter->runController()
 3 SYSTEMPATH/CodeIgniter.php(368): CodeIgniter\CodeIgniter->handleRequest()
 4 FCPATH/index.php(67): CodeIgniter\CodeIgniter->run()
CRITICAL - 2023-04-26 11:01:46 --> Undefined property: App\Controllers\Register::$session
in APPPATH/Controllers/Register.php on line 43.
 1 APPPATH/Controllers/Register.php(43): CodeIgniter\Debug\Exceptions->errorHandler()
 2 SYSTEMPATH/CodeIgniter.php(934): App\Controllers\Register->save()
 3 SYSTEMPATH/CodeIgniter.php(499): CodeIgniter\CodeIgniter->runController()
 4 SYSTEMPATH/CodeIgniter.php(368): CodeIgniter\CodeIgniter->handleRequest()
 5 FCPATH/index.php(67): CodeIgniter\CodeIgniter->run()
CRITICAL - 2023-04-26 11:14:39 --> Call to a member function listErrors() on string
in APPPATH/Views/register.php on line 30.
 1 SYSTEMPATH/View/View.php(213): include()
 2 SYSTEMPATH/View/View.php(216): CodeIgniter\View\View->CodeIgniter\View\{closure}()
 3 SYSTEMPATH/Common.php(1184): CodeIgniter\View\View->render()
 4 APPPATH/Controllers/Register.php(45): view()
 5 SYSTEMPATH/CodeIgniter.php(934): App\Controllers\Register->save()
 6 SYSTEMPATH/CodeIgniter.php(499): CodeIgniter\CodeIgniter->runController()
 7 SYSTEMPATH/CodeIgniter.php(368): CodeIgniter\CodeIgniter->handleRequest()
 8 FCPATH/index.php(67): CodeIgniter\CodeIgniter->run()
CRITICAL - 2023-04-26 23:24:05 --> Class "App\Controllers\Email" not found
in APPPATH/Controllers/Register.php on line 48.
 1 SYSTEMPATH/CodeIgniter.php(934): App\Controllers\Register->save()
 2 SYSTEMPATH/CodeIgniter.php(499): CodeIgniter\CodeIgniter->runController()
 3 SYSTEMPATH/CodeIgniter.php(368): CodeIgniter\CodeIgniter->handleRequest()
 4 FCPATH/index.php(67): CodeIgniter\CodeIgniter->run()
CRITICAL - 2023-04-26 23:26:06 --> Class "App\Controllers\Email" not found
in APPPATH/Controllers/Register.php on line 48.
 1 SYSTEMPATH/CodeIgniter.php(934): App\Controllers\Register->save()
 2 SYSTEMPATH/CodeIgniter.php(499): CodeIgniter\CodeIgniter->runController()
 3 SYSTEMPATH/CodeIgniter.php(368): CodeIgniter\CodeIgniter->handleRequest()
 4 FCPATH/index.php(67): CodeIgniter\CodeIgniter->run()
CRITICAL - 2023-04-26 23:27:21 --> Undefined property: App\Controllers\Register::$load
in APPPATH/Controllers/Register.php on line 47.
 1 APPPATH/Controllers/Register.php(47): CodeIgniter\Debug\Exceptions->errorHandler()
 2 SYSTEMPATH/CodeIgniter.php(934): App\Controllers\Register->save()
 3 SYSTEMPATH/CodeIgniter.php(499): CodeIgniter\CodeIgniter->runController()
 4 SYSTEMPATH/CodeIgniter.php(368): CodeIgniter\CodeIgniter->handleRequest()
 5 FCPATH/index.php(67): CodeIgniter\CodeIgniter->run()
CRITICAL - 2023-04-26 23:37:36 --> Call to undefined method CodeIgniter\Email\Email::sendTo()
in APPPATH/Controllers/Register.php on line 58.
 1 SYSTEMPATH/CodeIgniter.php(934): App\Controllers\Register->save()
 2 SYSTEMPATH/CodeIgniter.php(499): CodeIgniter\CodeIgniter->runController()
 3 SYSTEMPATH/CodeIgniter.php(368): CodeIgniter\CodeIgniter->handleRequest()
 4 FCPATH/index.php(67): CodeIgniter\CodeIgniter->run()
